I, [2018-03-03T22:21:28.020867 #8512]  INFO -- : Registered expected interaction GET /hello
D, [2018-03-03T22:21:28.021344 #8512] DEBUG -- : {
  "description": "a request for greeting",
  "request": {
    "method": "GET",
    "path": "/hello",
    "headers": {
      "Accept": "application/json"
    }
  },
  "response": {
    "status": 200,
    "headers": {
      "Content-Type": "application/json; charset=utf-8"
    },
    "body": [
      {
        "message": "hello"
      }
    ]
  }
}
I, [2018-03-03T22:21:28.031346 #8512]  INFO -- : Received request GET /hello
D, [2018-03-03T22:21:28.031846 #8512] DEBUG -- : {
  "path": "/hello",
  "query": "",
  "method": "get",
  "headers": {
    "Host": "localhost:3000",
    "Accept-Encoding": "gzip, deflate",
    "User-Agent": "node-superagent/3.8.2",
    "Accept": "application/json",
    "Connection": "close",
    "Version": "HTTP/1.1"
  }
}
I, [2018-03-03T22:21:28.031846 #8512]  INFO -- : Found matching response for GET /hello
D, [2018-03-03T22:21:28.031846 #8512] DEBUG -- : {
  "status": 200,
  "headers": {
    "Content-Type": "application/json; charset=utf-8"
  },
  "body": [
    {
      "message": "hello"
    }
  ]
}
I, [2018-03-03T22:21:28.041846 #8512]  INFO -- : Verifying - interactions matched
I, [2018-03-03T22:21:28.052345 #8512]  INFO -- : Cleared interactions
I, [2018-03-03T22:21:28.063346 #8512]  INFO -- : Writing pact for sender to C:/Users/Mark/Project/Pact/client/pacts/receiver-sender.json
